-------------------------------------------------------------------------------
Test set: com.mycompany.app.toStudentsTests.VerifySignInForm
-------------------------------------------------------------------------------
Tests run: 1, Failures: 1, Errors: 0, Skipped: 0, Time elapsed: 60.497 s <<< FAILURE! - in com.mycompany.app.toStudentsTests.VerifySignInForm
loginFormTest  Time elapsed: 40.086 s  <<< FAILURE!
java.lang.AssertionError
	at com.mycompany.app.toStudentsTests.VerifySignInForm.loginFormTest(VerifySignInForm.java:54)

